# JRE version: Java(TM) SE Runtime Environment (8.0_201-b09) (build 1.8.0_201-b09)
# Java VM: Java HotSpot(TM) 64-Bit Server VM (25.201-b09 mixed mode windows-amd64 compressed oops)
Heap:
 PSYoungGen      total 230400K, used 32771K [0x00000000d5580000, 0x00000000e6280000, 0x0000000100000000)
  eden space 216576K, 15% used [0x00000000d5580000,0x00000000d7580c18,0x00000000e2900000)
  from space 13824K, 0% used [0x00000000e3600000,0x00000000e3600000,0x00000000e4380000)
  to   space 13312K, 0% used [0x00000000e2900000,0x00000000e2900000,0x00000000e3600000)
 ParOldGen       total 50688K, used 14646K [0x0000000080000000, 0x0000000083180000, 0x00000000d5580000)
  object space 50688K, 28% used [0x0000000080000000,0x0000000080e4d8b8,0x0000000083180000)
 Metaspace       used 35055K, capacity 37726K, committed 38016K, reserved 1081344K
  class space    used 4942K, capacity 5407K, committed 5504K, reserved 1048576K
GC Heap History (10 events):
Event: 2.640 GC heap before
{Heap before GC invocations=6 (full 1):
 PSYoungGen      total 71680K, used 5099K [0x00000000d5580000, 0x00000000deb80000, 0x0000000100000000)
  eden space 66560K, 0% used [0x00000000d5580000,0x00000000d5580000,0x00000000d9680000)
  from space 5120K, 99% used [0x00000000d9680000,0x00000000d9b7ac78,0x00000000d9b80000)
  to   space 10240K, 0% used [0x00000000de180000,0x00000000de180000,0x00000000deb80000)
 ParOldGen       total 87552K, used 10427K [0x0000000080000000, 0x0000000085580000, 0x00000000d5580000)
  object space 87552K, 11% used [0x0000000080000000,0x0000000080a2ed48,0x0000000085580000)
 Metaspace       used 20430K, capacity 21248K, committed 21296K, reserved 1067008K
  class space    used 2738K, capacity 2942K, committed 2944K, reserved 1048576K
Event: 2.696 GC heap after
Heap after GC invocations=6 (full 1):
 PSYoungGen      total 71680K, used 0K [0x00000000d5580000, 0x00000000deb80000, 0x0000000100000000)
  eden space 66560K, 0% used [0x00000000d5580000,0x00000000d5580000,0x00000000d9680000)
  from space 5120K, 0% used [0x00000000d9680000,0x00000000d9680000,0x00000000d9b80000)
  to   space 10240K, 0% used [0x00000000de180000,0x00000000de180000,0x00000000deb80000)
 ParOldGen       total 50688K, used 6807K [0x0000000080000000, 0x0000000083180000, 0x00000000d5580000)
  object space 50688K, 13% used [0x0000000080000000,0x00000000806a5eb0,0x0000000083180000)
 Metaspace       used 20430K, capacity 21248K, committed 21296K, reserved 1067008K
  class space    used 2738K, capacity 2942K, committed 2944K, reserved 1048576K
}
Event: 3.638 GC heap before
{Heap before GC invocations=7 (full 1):
 PSYoungGen      total 71680K, used 66560K [0x00000000d5580000, 0x00000000deb80000, 0x0000000100000000)
  eden space 66560K, 100% used [0x00000000d5580000,0x00000000d9680000,0x00000000d9680000)
  from space 5120K, 0% used [0x00000000d9680000,0x00000000d9680000,0x00000000d9b80000)
  to   space 10240K, 0% used [0x00000000de180000,0x00000000de180000,0x00000000deb80000)
 ParOldGen       total 50688K, used 6809K [0x0000000080000000, 0x0000000083180000, 0x00000000d5580000)
  object space 50688K, 13% used [0x0000000080000000,0x00000000806a6770,0x0000000083180000)
 Metaspace       used 24674K, capacity 25982K, committed 26240K, reserved 1071104K
  class space    used 3379K, capacity 3677K, committed 3712K, reserved 1048576K
Event: 3.654 GC heap after
Heap after GC invocations=7 (full 1):
 PSYoungGen      total 130048K, used 8674K [0x00000000d5580000, 0x00000000dea00000, 0x0000000100000000)
  eden space 121344K, 0% used [0x00000000d5580000,0x00000000d5580000,0x00000000dcc00000)
  from space 8704K, 99% used [0x00000000de180000,0x00000000de9f8808,0x00000000dea00000)
  to   space 10752K, 0% used [0x00000000dd500000,0x00000000dd500000,0x00000000ddf80000)
 ParOldGen       total 50688K, used 6817K [0x0000000080000000, 0x0000000083180000, 0x00000000d5580000)
  object space 50688K, 13% used [0x0000000080000000,0x00000000806a8770,0x0000000083180000)
 Metaspace       used 24674K, capacity 25982K, committed 26240K, reserved 1071104K
  class space    used 3379K, capacity 3677K, committed 3712K, reserved 1048576K
}
Event: 5.113 GC heap before
{Heap before GC invocations=8 (full 1):
 PSYoungGen      total 130048K, used 130018K [0x00000000d5580000, 0x00000000dea00000, 0x0000000100000000)
  eden space 121344K, 100% used [0x00000000d5580000,0x00000000dcc00000,0x00000000dcc00000)
  from space 8704K, 99% used [0x00000000de180000,0x00000000de9f8808,0x00000000dea00000)
  to   space 10752K, 0% used [0x00000000dd500000,0x00000000dd500000,0x00000000ddf80000)
 ParOldGen       total 50688K, used 6817K [0x0000000080000000, 0x0000000083180000, 0x00000000d5580000)
  object space 50688K, 13% used [0x0000000080000000,0x00000000806a8770,0x0000000083180000)
 Metaspace       used 33029K, capacity 35346K, committed 35496K, reserved 1079296K
  class space    used 4620K, capacity 5009K, committed 5120K, reserved 1048576K
Event: 5.137 GC heap after
Heap after GC invocations=8 (full 1):
 PSYoungGen      total 141312K, used 10723K [0x00000000d5580000, 0x00000000e4380000, 0x0000000100000000)
  eden space 130560K, 0% used [0x00000000d5580000,0x00000000d5580000,0x00000000dd500000)
  from space 10752K, 99% used [0x00000000dd500000,0x00000000ddf78f68,0x00000000ddf80000)
  to   space 13824K, 0% used [0x00000000e3600000,0x00000000e3600000,0x00000000e4380000)
 ParOldGen       total 50688K, used 10770K [0x0000000080000000, 0x0000000083180000, 0x00000000d5580000)
  object space 50688K, 21% used [0x0000000080000000,0x0000000080a84bb0,0x0000000083180000)
 Metaspace       used 33029K, capacity 35346K, committed 35496K, reserved 1079296K
  class space    used 4620K, capacity 5009K, committed 5120K, reserved 1048576K
}
Event: 5.149 GC heap before
{Heap before GC invocations=9 (full 1):
 PSYoungGen      total 141312K, used 15785K [0x00000000d5580000, 0x00000000e4380000, 0x0000000100000000)
  eden space 130560K, 3% used [0x00000000d5580000,0x00000000d5a716d0,0x00000000dd500000)
  from space 10752K, 99% used [0x00000000dd500000,0x00000000ddf78f68,0x00000000ddf80000)
  to   space 13824K, 0% used [0x00000000e3600000,0x00000000e3600000,0x00000000e4380000)
 ParOldGen       total 50688K, used 10770K [0x0000000080000000, 0x0000000083180000, 0x00000000d5580000)
  object space 50688K, 21% used [0x0000000080000000,0x0000000080a84bb0,0x0000000083180000)
 Metaspace       used 33092K, capacity 35424K, committed 35496K, reserved 1079296K
  class space    used 4632K, capacity 5050K, committed 5120K, reserved 1048576K
Event: 5.165 GC heap after
Heap after GC invocations=9 (full 1):
 PSYoungGen      total 230400K, used 8318K [0x00000000d5580000, 0x00000000e6280000, 0x0000000100000000)
  eden space 216576K, 0% used [0x00000000d5580000,0x00000000d5580000,0x00000000e2900000)
  from space 13824K, 60% used [0x00000000e3600000,0x00000000e3e1f8b8,0x00000000e4380000)
  to   space 13312K, 0% used [0x00000000e2900000,0x00000000e2900000,0x00000000e3600000)
 ParOldGen       total 50688K, used 10778K [0x0000000080000000, 0x0000000083180000, 0x00000000d5580000)
  object space 50688K, 21% used [0x0000000080000000,0x0000000080a86bb0,0x0000000083180000)
 Metaspace       used 33092K, capacity 35424K, committed 35496K, reserved 1079296K
  class space    used 4632K, capacity 5050K, committed 5120K, reserved 1048576K
}
Event: 5.165 GC heap before
{Heap before GC invocations=10 (full 2):
 PSYoungGen      total 230400K, used 8318K [0x00000000d5580000, 0x00000000e6280000, 0x0000000100000000)
  eden space 216576K, 0% used [0x00000000d5580000,0x00000000d5580000,0x00000000e2900000)
  from space 13824K, 60% used [0x00000000e3600000,0x00000000e3e1f8b8,0x00000000e4380000)
  to   space 13312K, 0% used [0x00000000e2900000,0x00000000e2900000,0x00000000e3600000)
 ParOldGen       total 50688K, used 10778K [0x0000000080000000, 0x0000000083180000, 0x00000000d5580000)
  object space 50688K, 21% used [0x0000000080000000,0x0000000080a86bb0,0x0000000083180000)
 Metaspace       used 33092K, capacity 35424K, committed 35496K, reserved 1079296K
  class space    used 4632K, capacity 5050K, committed 5120K, reserved 1048576K
Event: 5.260 GC heap after
Heap after GC invocations=10 (full 2):
 PSYoungGen      total 230400K, used 0K [0x00000000d5580000, 0x00000000e6280000, 0x0000000100000000)
  eden space 216576K, 0% used [0x00000000d5580000,0x00000000d5580000,0x00000000e2900000)
  from space 13824K, 0% used [0x00000000e3600000,0x00000000e3600000,0x00000000e4380000)
  to   space 13312K, 0% used [0x00000000e2900000,0x00000000e2900000,0x00000000e3600000)
 ParOldGen       total 50688K, used 14646K [0x0000000080000000, 0x0000000083180000, 0x00000000d5580000)
  object space 50688K, 28% used [0x0000000080000000,0x0000000080e4d8b8,0x0000000083180000)
 Metaspace       used 33091K, capacity 35422K, committed 35496K, reserved 1079296K
  class space    used 4631K, capacity 5049K, committed 5120K, reserved 1048576K
}

